<?xml version="1.0" encoding="UTF-8"?>
<testng-results ignored="0" total="5" passed="4" failed="1" skipped="0">
  <reporter-output>
  </reporter-output>
  <suite started-at="2024-06-09T07:53:21 CEST" name="Suite" finished-at="2024-06-09T07:54:35 CEST" duration-ms="73387">
    <groups>
    </groups>
    <test started-at="2024-06-09T07:53:21 CEST" name="Test" finished-at="2024-06-09T07:54:35 CEST" duration-ms="73387">
      <class name="web.testcases.AppHealthCheckTest">
        <test-method is-config="true" signature="setUp()[pri:0, instance:web.testcases.AppHealthCheckTest@72f926e6]" started-at="2024-06-09T07:53:21 CEST" name="setUp" finished-at="2024-06-09T07:53:23 CEST" duration-ms="1609" status="PASS">
          <reporter-output>
          </reporter-output>
        </test-method> <!-- setUp -->
        <test-method signature="verifyAppHealth()[pri:0, instance:web.testcases.AppHealthCheckTest@72f926e6]" started-at="2024-06-09T07:53:23 CEST" name="verifyAppHealth" finished-at="2024-06-09T07:53:56 CEST" duration-ms="33214" status="FAIL">
          <exception class="org.openqa.selenium.TimeoutException">
            <message>
              <![CDATA[Expected condition failed: waiting for url to contain "https://povio-at.herokuapp.com/users/sign_in". Current url: "https://povio-at.herokuapp.com/" (tried for 30 second(s) with 500 milliseconds interval)
Build info: version: '4.12.1', revision: '8e34639b11'
System info: os.name: 'Windows 11', os.arch: 'amd64', os.version: '10.0', java.version: '17.0.5'
Driver info: org.openqa.selenium.chrome.ChromeDriver
Capabilities {acceptInsecureCerts: false, browserName: chrome, browserVersion: 125.0.6422.142, chrome: {chromedriverVersion: 125.0.6422.141 (4b1e8393712..., userDataDir: C:\Users\Admin\AppData\Loca...}, fedcm:accounts: true, goog:chromeOptions: {debuggerAddress: localhost:59217}, networkConnectionEnabled: false, pageLoadStrategy: normal, platformName: windows, proxy: Proxy(), se:cdp: ws://localhost:59217/devtoo..., se:cdpVersion: 125.0.6422.142, setWindowRect: true, strictFileInteractability: false, timeouts: {implicit: 0, pageLoad: 300000, script: 30000}, unhandledPromptBehavior: dismiss and notify, webauthn:extension:credBlob: true, webauthn:extension:largeBlob: true, webauthn:extension:minPinLength: true, webauthn:extension:prf: true, webauthn:virtualAuthenticators: true}
Session ID: ad3df07980817785fdc665b59a0faae8]]>
            </message>
            <full-stacktrace>
              <![CDATA[org.openqa.selenium.TimeoutException: Expected condition failed: waiting for url to contain "https://povio-at.herokuapp.com/users/sign_in". Current url: "https://povio-at.herokuapp.com/" (tried for 30 second(s) with 500 milliseconds interval)
Build info: version: '4.12.1', revision: '8e34639b11'
System info: os.name: 'Windows 11', os.arch: 'amd64', os.version: '10.0', java.version: '17.0.5'
Driver info: org.openqa.selenium.chrome.ChromeDriver
Capabilities {acceptInsecureCerts: false, browserName: chrome, browserVersion: 125.0.6422.142, chrome: {chromedriverVersion: 125.0.6422.141 (4b1e8393712..., userDataDir: C:\Users\Admin\AppData\Loca...}, fedcm:accounts: true, goog:chromeOptions: {debuggerAddress: localhost:59217}, networkConnectionEnabled: false, pageLoadStrategy: normal, platformName: windows, proxy: Proxy(), se:cdp: ws://localhost:59217/devtoo..., se:cdpVersion: 125.0.6422.142, setWindowRect: true, strictFileInteractability: false, timeouts: {implicit: 0, pageLoad: 300000, script: 30000}, unhandledPromptBehavior: dismiss and notify, webauthn:extension:credBlob: true, webauthn:extension:largeBlob: true, webauthn:extension:minPinLength: true, webauthn:extension:prf: true, webauthn:virtualAuthenticators: true}
Session ID: ad3df07980817785fdc665b59a0faae8
at org.openqa.selenium.support.ui.WebDriverWait.timeoutException(WebDriverWait.java:84)
at org.openqa.selenium.support.ui.FluentWait.until(FluentWait.java:230)
at web.pages.HomePage.isSignInModalDisplayed(HomePage.kt:29)
at web.testcases.AppHealthCheckTest.verifyAppHealth(AppHealthCheckTest.kt:17)
at java.base/jdk.internal.reflect.NativeMethodAccessorImpl.invoke0(Native Method)
at java.base/jdk.internal.reflect.NativeMethodAccessorImpl.invoke(NativeMethodAccessorImpl.java:77)
at java.base/jdk.internal.reflect.DelegatingMethodAccessorImpl.invoke(DelegatingMethodAccessorImpl.java:43)
at java.base/java.lang.reflect.Method.invoke(Method.java:568)
at org.testng.internal.invokers.MethodInvocationHelper.invokeMethod(MethodInvocationHelper.java:139)
at org.testng.internal.invokers.TestInvoker.invokeMethod(TestInvoker.java:664)
at org.testng.internal.invokers.TestInvoker.invokeTestMethod(TestInvoker.java:227)
at org.testng.internal.invokers.MethodRunner.runInSequence(MethodRunner.java:50)
at org.testng.internal.invokers.TestInvoker$MethodInvocationAgent.invoke(TestInvoker.java:957)
at org.testng.internal.invokers.TestInvoker.invokeTestMethods(TestInvoker.java:200)
at org.testng.internal.invokers.TestMethodWorker.invokeTestMethods(TestMethodWorker.java:148)
at org.testng.internal.invokers.TestMethodWorker.run(TestMethodWorker.java:128)
at java.base/java.util.ArrayList.forEach(ArrayList.java:1511)
at org.testng.TestRunner.privateRun(TestRunner.java:848)
at org.testng.TestRunner.run(TestRunner.java:621)
at org.testng.SuiteRunner.runTest(SuiteRunner.java:443)
at org.testng.SuiteRunner.runSequentially(SuiteRunner.java:437)
at org.testng.SuiteRunner.privateRun(SuiteRunner.java:397)
at org.testng.SuiteRunner.run(SuiteRunner.java:336)
at org.testng.SuiteRunnerWorker.runSuite(SuiteRunnerWorker.java:52)
at org.testng.SuiteRunnerWorker.run(SuiteRunnerWorker.java:95)
at org.testng.TestNG.runSuitesSequentially(TestNG.java:1280)
at org.testng.TestNG.runSuitesLocally(TestNG.java:1200)
at org.testng.TestNG.runSuites(TestNG.java:1114)
at org.testng.TestNG.run(TestNG.java:1082)
at org.apache.maven.surefire.testng.TestNGExecutor.run(TestNGExecutor.java:284)
at org.apache.maven.surefire.testng.TestNGXmlTestSuite.execute(TestNGXmlTestSuite.java:75)
at org.apache.maven.surefire.testng.TestNGProvider.invoke(TestNGProvider.java:119)
at org.apache.maven.surefire.booter.ForkedBooter.runSuitesInProcess(ForkedBooter.java:428)
at org.apache.maven.surefire.booter.ForkedBooter.execute(ForkedBooter.java:162)
at org.apache.maven.surefire.booter.ForkedBooter.run(ForkedBooter.java:562)
at org.apache.maven.surefire.booter.ForkedBooter.main(ForkedBooter.java:548)
]]>
            </full-stacktrace>
          </exception> <!-- org.openqa.selenium.TimeoutException -->
          <reporter-output>
          </reporter-output>
        </test-method> <!-- verifyAppHealth -->
        <test-method is-config="true" signature="tearDown()[pri:0, instance:web.testcases.AppHealthCheckTest@72f926e6]" started-at="2024-06-09T07:53:56 CEST" name="tearDown" finished-at="2024-06-09T07:53:56 CEST" duration-ms="127" status="PASS">
          <reporter-output>
          </reporter-output>
        </test-method> <!-- tearDown -->
      </class> <!-- web.testcases.AppHealthCheckTest -->
      <class name="web.testcases.RegistrationFlowTest">
        <test-method is-config="true" signature="setUp()[pri:0, instance:web.testcases.RegistrationFlowTest@59fd97a8]" started-at="2024-06-09T07:54:20 CEST" name="setUp" finished-at="2024-06-09T07:54:21 CEST" duration-ms="845" status="PASS">
          <reporter-output>
          </reporter-output>
        </test-method> <!-- setUp -->
        <test-method signature="successfulRegistration()[pri:0, instance:web.testcases.RegistrationFlowTest@59fd97a8]" started-at="2024-06-09T07:54:21 CEST" name="successfulRegistration" finished-at="2024-06-09T07:54:28 CEST" duration-ms="7040" status="PASS">
          <reporter-output>
          </reporter-output>
        </test-method> <!-- successfulRegistration -->
        <test-method is-config="true" signature="tearDown()[pri:0, instance:web.testcases.RegistrationFlowTest@59fd97a8]" started-at="2024-06-09T07:54:28 CEST" name="tearDown" finished-at="2024-06-09T07:54:28 CEST" duration-ms="251" status="PASS">
          <reporter-output>
          </reporter-output>
        </test-method> <!-- tearDown -->
        <test-method is-config="true" signature="setUp()[pri:0, instance:web.testcases.RegistrationFlowTest@59fd97a8]" started-at="2024-06-09T07:54:28 CEST" name="setUp" finished-at="2024-06-09T07:54:29 CEST" duration-ms="850" status="PASS">
          <reporter-output>
          </reporter-output>
        </test-method> <!-- setUp -->
        <test-method signature="unsuccessfulRegistration()[pri:0, instance:web.testcases.RegistrationFlowTest@59fd97a8]" started-at="2024-06-09T07:54:29 CEST" name="unsuccessfulRegistration" finished-at="2024-06-09T07:54:35 CEST" duration-ms="5621" status="PASS">
          <reporter-output>
          </reporter-output>
        </test-method> <!-- unsuccessfulRegistration -->
        <test-method is-config="true" signature="tearDown()[pri:0, instance:web.testcases.RegistrationFlowTest@59fd97a8]" started-at="2024-06-09T07:54:35 CEST" name="tearDown" finished-at="2024-06-09T07:54:35 CEST" duration-ms="238" status="PASS">
          <reporter-output>
          </reporter-output>
        </test-method> <!-- tearDown -->
      </class> <!-- web.testcases.RegistrationFlowTest -->
      <class name="web.testcases.EditCampaignTest">
        <test-method is-config="true" signature="setUp()[pri:0, instance:web.testcases.EditCampaignTest@795cd85e]" started-at="2024-06-09T07:54:07 CEST" name="setUp" finished-at="2024-06-09T07:54:08 CEST" duration-ms="850" status="PASS">
          <reporter-output>
          </reporter-output>
        </test-method> <!-- setUp -->
        <test-method signature="verifyEditCampaignFlowTest()[pri:0, instance:web.testcases.EditCampaignTest@795cd85e]" started-at="2024-06-09T07:54:08 CEST" name="verifyEditCampaignFlowTest" finished-at="2024-06-09T07:54:20 CEST" duration-ms="11428" status="PASS">
          <reporter-output>
          </reporter-output>
        </test-method> <!-- verifyEditCampaignFlowTest -->
        <test-method is-config="true" signature="tearDown()[pri:0, instance:web.testcases.EditCampaignTest@795cd85e]" started-at="2024-06-09T07:54:20 CEST" name="tearDown" finished-at="2024-06-09T07:54:20 CEST" duration-ms="313" status="PASS">
          <reporter-output>
          </reporter-output>
        </test-method> <!-- tearDown -->
      </class> <!-- web.testcases.EditCampaignTest -->
      <class name="web.testcases.CreateCampaignTest">
        <test-method is-config="true" signature="setUp()[pri:0, instance:web.testcases.CreateCampaignTest@402bba4f]" started-at="2024-06-09T07:53:56 CEST" name="setUp" finished-at="2024-06-09T07:53:57 CEST" duration-ms="809" status="PASS">
          <reporter-output>
          </reporter-output>
        </test-method> <!-- setUp -->
        <test-method signature="verifyCampaignCreationFlow()[pri:0, instance:web.testcases.CreateCampaignTest@402bba4f]" started-at="2024-06-09T07:53:57 CEST" name="verifyCampaignCreationFlow" finished-at="2024-06-09T07:54:07 CEST" duration-ms="9891" status="PASS">
          <reporter-output>
          </reporter-output>
        </test-method> <!-- verifyCampaignCreationFlow -->
        <test-method is-config="true" signature="tearDown()[pri:0, instance:web.testcases.CreateCampaignTest@402bba4f]" started-at="2024-06-09T07:54:07 CEST" name="tearDown" finished-at="2024-06-09T07:54:07 CEST" duration-ms="249" status="PASS">
          <reporter-output>
          </reporter-output>
        </test-method> <!-- tearDown -->
      </class> <!-- web.testcases.CreateCampaignTest -->
    </test> <!-- Test -->
  </suite> <!-- Suite -->
</testng-results>
